<?xml version="1.0" encoding="UTF-8"?>
<testsuite name="IMDBSQLToMongo.AppTest" tests="1" skipped="0" failures="0" errors="0" timestamp="2020-03-04T07:29:27" hostname="chaitanyas-mbp.wireless.rit.edu" time="0.002">
  <properties/>
  <testcase name="testAppHasAGreeting" classname="IMDBSQLToMongo.AppTest" time="0.002"/>
  <system-out><![CDATA[]]></system-out>
  <system-err><![CDATA[]]></system-err>
</testsuite>
