<?xml version="1.0" encoding="UTF-8"?>
<testsuite name="CanonicalCoverComputation.AppTest" tests="1" skipped="0" failures="0" errors="0" timestamp="2020-02-22T20:21:07" hostname="Chaitanyas-MacBook-Pro.local" time="0.001">
  <properties/>
  <testcase name="testAppHasAGreeting" classname="CanonicalCoverComputation.AppTest" time="0.001"/>
  <system-out><![CDATA[]]></system-out>
  <system-err><![CDATA[]]></system-err>
</testsuite>
