<?xml version="1.0" encoding="UTF-8"?>
<testsuite name="ComputeMutualInformation.AppTest" tests="1" skipped="0" failures="0" errors="0" timestamp="2020-04-25T19:46:07" hostname="Chaitanyas-MacBook-Pro.local" time="0.001">
  <properties/>
  <testcase name="testAppHasAGreeting" classname="ComputeMutualInformation.AppTest" time="0.001"/>
  <system-out><![CDATA[]]></system-out>
  <system-err><![CDATA[]]></system-err>
</testsuite>
