<?xml version="1.0" encoding="UTF-8"?>
<testsuite name="NaiveFDDiscovery.AppTest" tests="1" skipped="0" failures="0" errors="0" timestamp="2020-02-22T21:47:51" hostname="Chaitanyas-MacBook-Pro.local" time="0.0">
  <properties/>
  <testcase name="testAppHasAGreeting" classname="NaiveFDDiscovery.AppTest" time="0.0"/>
  <system-out><![CDATA[]]></system-out>
  <system-err><![CDATA[]]></system-err>
</testsuite>
